<?xml version="1.0" encoding="UTF-8"?>
<coverage generated="1674667489268" clover="3.2.0">
  <project timestamp="1674667489268" name="All files">
    <metrics statements="48" coveredstatements="48" conditionals="23" coveredconditionals="23" methods="15" coveredmethods="15" elements="86" coveredelements="86" complexity="0" loc="48" ncloc="48" packages="1" files="4" classes="4"/>
    <file name="LogTransaction.js" path="/Users/josh/projects/Bank-Tech-Test/src/LogTransaction.js">
      <metrics statements="6" coveredstatements="6" conditionals="2" coveredconditionals="2" methods="3" coveredmethods="3"/>
      <line num="4" count="24" type="stmt"/>
      <line num="8" count="21" type="stmt"/>
      <line num="12" count="5" type="cond" truecount="2" falsecount="0"/>
      <line num="13" count="1" type="stmt"/>
      <line num="15" count="4" type="stmt"/>
      <line num="20" count="3" type="stmt"/>
    </file>
    <file name="PrintStatement.js" path="/Users/josh/projects/Bank-Tech-Test/src/PrintStatement.js">
      <metrics statements="11" coveredstatements="11" conditionals="2" coveredconditionals="2" methods="4" coveredmethods="4"/>
      <line num="3" count="5" type="stmt"/>
      <line num="4" count="5" type="stmt"/>
      <line num="7" count="6" type="stmt"/>
      <line num="8" count="6" type="stmt"/>
      <line num="9" count="13" type="stmt"/>
      <line num="14" count="6" type="stmt"/>
      <line num="18" count="5" type="stmt"/>
      <line num="19" count="5" type="cond" truecount="2" falsecount="0"/>
      <line num="20" count="1" type="stmt"/>
      <line num="22" count="4" type="stmt"/>
      <line num="27" count="3" type="stmt"/>
    </file>
    <file name="Validator.js" path="/Users/josh/projects/Bank-Tech-Test/src/Validator.js">
      <metrics statements="9" coveredstatements="9" conditionals="9" coveredconditionals="9" methods="1" coveredmethods="1"/>
      <line num="4" count="15" type="stmt"/>
      <line num="5" count="15" type="stmt"/>
      <line num="6" count="15" type="stmt"/>
      <line num="7" count="15" type="stmt"/>
      <line num="8" count="15" type="cond" truecount="2" falsecount="0"/>
      <line num="11" count="15" type="cond" truecount="7" falsecount="0"/>
      <line num="12" count="10" type="stmt"/>
      <line num="14" count="5" type="stmt"/>
      <line num="18" count="3" type="stmt"/>
    </file>
    <file name="account.js" path="/Users/josh/projects/Bank-Tech-Test/src/account.js">
      <metrics statements="22" coveredstatements="22" conditionals="10" coveredconditionals="10" methods="7" coveredmethods="7"/>
      <line num="1" count="2" type="stmt"/>
      <line num="2" count="2" type="stmt"/>
      <line num="3" count="2" type="stmt"/>
      <line num="7" count="20" type="stmt"/>
      <line num="8" count="20" type="stmt"/>
      <line num="13" count="7" type="stmt"/>
      <line num="14" count="7" type="cond" truecount="2" falsecount="0"/>
      <line num="15" count="6" type="stmt"/>
      <line num="17" count="1" type="stmt"/>
      <line num="23" count="11" type="cond" truecount="2" falsecount="0"/>
      <line num="24" count="8" type="stmt"/>
      <line num="25" count="8" type="stmt"/>
      <line num="26" count="8" type="stmt"/>
      <line num="32" count="11" type="cond" truecount="4" falsecount="0"/>
      <line num="33" count="7" type="stmt"/>
      <line num="34" count="7" type="stmt"/>
      <line num="35" count="7" type="stmt"/>
      <line num="40" count="16" type="stmt"/>
      <line num="41" count="16" type="stmt"/>
      <line num="45" count="16" type="stmt"/>
      <line num="49" count="2" type="stmt"/>
      <line num="55" count="2" type="stmt"/>
    </file>
  </project>
</coverage>
