TN:
SF:src/Account.js
FN:6,(anonymous_0)
FN:12,(anonymous_1)
FN:22,(anonymous_2)
FN:31,(anonymous_3)
FN:39,(anonymous_4)
FN:44,(anonymous_5)
FN:48,(anonymous_6)
FNF:7
FNH:7
FNDA:20,(anonymous_0)
FNDA:7,(anonymous_1)
FNDA:11,(anonymous_2)
FNDA:11,(anonymous_3)
FNDA:16,(anonymous_4)
FNDA:16,(anonymous_5)
FNDA:2,(anonymous_6)
DA:1,2
DA:2,2
DA:3,2
DA:7,20
DA:8,20
DA:13,7
DA:14,7
DA:15,6
DA:17,1
DA:23,11
DA:24,8
DA:25,8
DA:26,8
DA:32,11
DA:33,7
DA:34,7
DA:35,7
DA:40,16
DA:41,16
DA:45,16
DA:49,2
DA:55,2
LF:22
LH:22
BRDA:12,0,0,5
BRDA:14,1,0,6
BRDA:14,1,1,1
BRDA:23,2,0,8
BRDA:23,2,1,3
BRDA:32,3,0,7
BRDA:32,3,1,4
BRDA:32,4,0,11
BRDA:32,4,1,8
BRDA:48,5,0,1
BRF:10
BRH:10
end_of_record
TN:
SF:src/LogTransaction.js
FN:3,(anonymous_0)
FN:7,(anonymous_1)
FN:12,(anonymous_2)
FN:25,(anonymous_3)
FNF:4
FNH:4
FNDA:25,(anonymous_0)
FNDA:21,(anonymous_1)
FNDA:22,(anonymous_2)
FNDA:5,(anonymous_3)
DA:4,25
DA:8,21
DA:9,21
DA:13,22
DA:14,12
DA:15,10
DA:17,22
DA:18,10
DA:19,12
DA:21,22
DA:22,22
DA:26,5
DA:27,1
DA:29,4
DA:34,3
LF:15
LH:15
BRDA:13,0,0,12
BRDA:13,0,1,10
BRDA:17,1,0,10
BRDA:17,1,1,12
BRDA:26,2,0,1
BRDA:26,2,1,4
BRF:6
BRH:6
end_of_record
TN:
SF:src/PrintStatement.js
FN:2,(anonymous_0)
FN:6,(anonymous_1)
FN:8,(anonymous_2)
FN:17,(anonymous_3)
FNF:4
FNH:4
FNDA:5,(anonymous_0)
FNDA:6,(anonymous_1)
FNDA:13,(anonymous_2)
FNDA:5,(anonymous_3)
DA:3,5
DA:4,5
DA:7,6
DA:8,6
DA:9,13
DA:14,6
DA:18,5
DA:19,5
DA:20,1
DA:22,4
DA:27,3
LF:11
LH:11
BRDA:19,0,0,1
BRDA:19,0,1,4
BRF:2
BRH:2
end_of_record
TN:
SF:src/Validator.js
FN:3,(anonymous_0)
FNF:1
FNH:1
FNDA:15,(anonymous_0)
DA:4,15
DA:5,15
DA:6,15
DA:7,15
DA:8,15
DA:11,15
DA:12,10
DA:14,5
DA:18,3
LF:9
LH:9
BRDA:8,0,0,15
BRDA:8,0,1,13
BRDA:11,1,0,10
BRDA:11,1,1,5
BRDA:11,2,0,15
BRDA:11,2,1,14
BRDA:11,2,2,13
BRDA:11,2,3,12
BRDA:11,2,4,11
BRF:9
BRH:9
end_of_record
